#! /usr/bin/vvp
:ivl_version "10.3 (stable)";
:ivl_delay_selection "TYPICAL";
:vpi_time_precision - 9;
:vpi_module "system";
:vpi_module "vhdl_sys";
:vpi_module "v2005_math";
:vpi_module "va_math";
S_0x560a46918230 .scope module, "Sorter_tb" "Sorter_tb" 2 5;
 .timescale -9 -9;
v0x560a46935720_0 .var "clk", 0 0;
v0x560a469357c0_0 .var "inset", 63 0;
v0x560a46935860_0 .var "num1", 7 0;
v0x560a46935900_0 .var "num2", 7 0;
v0x560a469359e0_0 .var "num3", 7 0;
v0x560a46935b10_0 .var "num4", 7 0;
v0x560a46935bf0_0 .var "num5", 7 0;
v0x560a46935cd0_0 .var "num6", 7 0;
v0x560a46935db0_0 .var "num7", 7 0;
v0x560a46935e90_0 .var "num8", 7 0;
v0x560a46935f70_0 .net "outset", 63 0, v0x560a469355c0_0;  1 drivers
S_0x560a469183b0 .scope module, "srt" "Sorter" 2 13, 3 1 0, S_0x560a46918230;
 .timescale -9 -9;
    .port_info 0 /INPUT 64 "sortIn"
    .port_info 1 /INPUT 1 "clk"
    .port_info 2 /OUTPUT 64 "sortOut"
v0x560a468db1a0_0 .net "clk", 0 0, v0x560a46935720_0;  1 drivers
v0x560a46934f20_0 .var "data", 63 0;
v0x560a46935000_0 .var/i "i", 31 0;
v0x560a469350c0_0 .var/i "j", 31 0;
v0x560a469351a0_0 .var "keep", 7 0;
v0x560a469352d0 .array "regIn", 0 7, 7 0;
v0x560a469354e0_0 .net "sortIn", 63 0, v0x560a469357c0_0;  1 drivers
v0x560a469355c0_0 .var "sortOut", 63 0;
v0x560a469352d0_0 .array/port v0x560a469352d0, 0;
v0x560a469352d0_1 .array/port v0x560a469352d0, 1;
v0x560a469352d0_2 .array/port v0x560a469352d0, 2;
v0x560a469352d0_3 .array/port v0x560a469352d0, 3;
E_0x560a46911160/0 .event edge, v0x560a469352d0_0, v0x560a469352d0_1, v0x560a469352d0_2, v0x560a469352d0_3;
v0x560a469352d0_4 .array/port v0x560a469352d0, 4;
v0x560a469352d0_5 .array/port v0x560a469352d0, 5;
v0x560a469352d0_6 .array/port v0x560a469352d0, 6;
v0x560a469352d0_7 .array/port v0x560a469352d0, 7;
E_0x560a46911160/1 .event edge, v0x560a469352d0_4, v0x560a469352d0_5, v0x560a469352d0_6, v0x560a469352d0_7;
E_0x560a46911160 .event/or E_0x560a46911160/0, E_0x560a46911160/1;
E_0x560a46910e40/0 .event edge, v0x560a46934f20_0, v0x560a46935000_0, v0x560a469350c0_0, v0x560a469352d0_0;
E_0x560a46910e40/1 .event edge, v0x560a469352d0_1, v0x560a469352d0_2, v0x560a469352d0_3, v0x560a469352d0_4;
E_0x560a46910e40/2 .event edge, v0x560a469352d0_5, v0x560a469352d0_6, v0x560a469352d0_7, v0x560a469351a0_0;
E_0x560a46910e40 .event/or E_0x560a46910e40/0, E_0x560a46910e40/1, E_0x560a46910e40/2;
E_0x560a468db8a0 .event posedge, v0x560a468db1a0_0;
    .scope S_0x560a469183b0;
T_0 ;
    %wait E_0x560a468db8a0;
    %load/vec4 v0x560a469354e0_0;
    %assign/vec4 v0x560a46934f20_0, 0;
    %jmp T_0;
    .thread T_0;
    .scope S_0x560a469183b0;
T_1 ;
    %wait E_0x560a46910e40;
    %load/vec4 v0x560a46934f20_0;
    %parti/s 8, 0, 2;
    %ix/load 4, 0, 0;
    %flag_set/imm 4, 0;
    %store/vec4a v0x560a469352d0, 4, 0;
    %load/vec4 v0x560a46934f20_0;
    %parti/s 8, 8, 5;
    %ix/load 4, 1, 0;
    %flag_set/imm 4, 0;
    %store/vec4a v0x560a469352d0, 4, 0;
    %load/vec4 v0x560a46934f20_0;
    %parti/s 8, 16, 6;
    %ix/load 4, 2, 0;
    %flag_set/imm 4, 0;
    %store/vec4a v0x560a469352d0, 4, 0;
    %load/vec4 v0x560a46934f20_0;
    %parti/s 8, 24, 6;
    %ix/load 4, 3, 0;
    %flag_set/imm 4, 0;
    %store/vec4a v0x560a469352d0, 4, 0;
    %load/vec4 v0x560a46934f20_0;
    %parti/s 8, 32, 7;
    %ix/load 4, 4, 0;
    %flag_set/imm 4, 0;
    %store/vec4a v0x560a469352d0, 4, 0;
    %load/vec4 v0x560a46934f20_0;
    %parti/s 8, 40, 7;
    %ix/load 4, 5, 0;
    %flag_set/imm 4, 0;
    %store/vec4a v0x560a469352d0, 4, 0;
    %load/vec4 v0x560a46934f20_0;
    %parti/s 8, 48, 7;
    %ix/load 4, 6, 0;
    %flag_set/imm 4, 0;
    %store/vec4a v0x560a469352d0, 4, 0;
    %load/vec4 v0x560a46934f20_0;
    %parti/s 8, 56, 7;
    %ix/load 4, 7, 0;
    %flag_set/imm 4, 0;
    %store/vec4a v0x560a469352d0, 4, 0;
    %pushi/vec4 0, 0, 32;
    %store/vec4 v0x560a46935000_0, 0, 32;
T_1.0 ;
    %load/vec4 v0x560a46935000_0;
    %cmpi/s 7, 0, 32;
    %jmp/0xz T_1.1, 5;
    %pushi/vec4 0, 0, 32;
    %store/vec4 v0x560a469350c0_0, 0, 32;
T_1.2 ;
    %load/vec4 v0x560a469350c0_0;
    %cmpi/s 7, 0, 32;
    %jmp/0xz T_1.3, 5;
    %ix/getv/s 4, v0x560a469350c0_0;
    %load/vec4a v0x560a469352d0, 4;
    %load/vec4 v0x560a469350c0_0;
    %pad/s 33;
    %addi 1, 0, 33;
    %ix/vec4/s 4;
    %load/vec4a v0x560a469352d0, 4;
    %cmp/u;
    %jmp/0xz  T_1.4, 5;
    %ix/getv/s 4, v0x560a469350c0_0;
    %load/vec4a v0x560a469352d0, 4;
    %store/vec4 v0x560a469351a0_0, 0, 8;
    %load/vec4 v0x560a469350c0_0;
    %pad/s 33;
    %addi 1, 0, 33;
    %ix/vec4/s 4;
    %load/vec4a v0x560a469352d0, 4;
    %ix/getv/s 4, v0x560a469350c0_0;
    %store/vec4a v0x560a469352d0, 4, 0;
    %load/vec4 v0x560a469351a0_0;
    %load/vec4 v0x560a469350c0_0;
    %pad/s 33;
    %addi 1, 0, 33;
    %ix/vec4/s 4;
    %store/vec4a v0x560a469352d0, 4, 0;
T_1.4 ;
    %load/vec4 v0x560a469350c0_0;
    %addi 1, 0, 32;
    %store/vec4 v0x560a469350c0_0, 0, 32;
    %jmp T_1.2;
T_1.3 ;
    %load/vec4 v0x560a46935000_0;
    %addi 1, 0, 32;
    %store/vec4 v0x560a46935000_0, 0, 32;
    %jmp T_1.0;
T_1.1 ;
    %jmp T_1;
    .thread T_1, $push;
    .scope S_0x560a469183b0;
T_2 ;
    %wait E_0x560a46911160;
    %ix/load 4, 0, 0;
    %flag_set/imm 4, 0;
    %load/vec4a v0x560a469352d0, 4;
    %ix/load 4, 0, 0;
    %ix/load 5, 0, 0;
    %flag_set/imm 4, 0;
    %assign/vec4/off/d v0x560a469355c0_0, 4, 5;
    %ix/load 4, 1, 0;
    %flag_set/imm 4, 0;
    %load/vec4a v0x560a469352d0, 4;
    %ix/load 4, 8, 0;
    %ix/load 5, 0, 0;
    %flag_set/imm 4, 0;
    %assign/vec4/off/d v0x560a469355c0_0, 4, 5;
    %ix/load 4, 2, 0;
    %flag_set/imm 4, 0;
    %load/vec4a v0x560a469352d0, 4;
    %ix/load 4, 16, 0;
    %ix/load 5, 0, 0;
    %flag_set/imm 4, 0;
    %assign/vec4/off/d v0x560a469355c0_0, 4, 5;
    %ix/load 4, 3, 0;
    %flag_set/imm 4, 0;
    %load/vec4a v0x560a469352d0, 4;
    %ix/load 4, 24, 0;
    %ix/load 5, 0, 0;
    %flag_set/imm 4, 0;
    %assign/vec4/off/d v0x560a469355c0_0, 4, 5;
    %ix/load 4, 4, 0;
    %flag_set/imm 4, 0;
    %load/vec4a v0x560a469352d0, 4;
    %ix/load 4, 32, 0;
    %ix/load 5, 0, 0;
    %flag_set/imm 4, 0;
    %assign/vec4/off/d v0x560a469355c0_0, 4, 5;
    %ix/load 4, 5, 0;
    %flag_set/imm 4, 0;
    %load/vec4a v0x560a469352d0, 4;
    %ix/load 4, 40, 0;
    %ix/load 5, 0, 0;
    %flag_set/imm 4, 0;
    %assign/vec4/off/d v0x560a469355c0_0, 4, 5;
    %ix/load 4, 6, 0;
    %flag_set/imm 4, 0;
    %load/vec4a v0x560a469352d0, 4;
    %ix/load 4, 48, 0;
    %ix/load 5, 0, 0;
    %flag_set/imm 4, 0;
    %assign/vec4/off/d v0x560a469355c0_0, 4, 5;
    %ix/load 4, 7, 0;
    %flag_set/imm 4, 0;
    %load/vec4a v0x560a469352d0, 4;
    %ix/load 4, 56, 0;
    %ix/load 5, 0, 0;
    %flag_set/imm 4, 0;
    %assign/vec4/off/d v0x560a469355c0_0, 4, 5;
    %jmp T_2;
    .thread T_2, $push;
    .scope S_0x560a46918230;
T_3 ;
    %vpi_func 2 17 "$urandom" 32 {0 0 0};
    %pushi/vec4 256, 0, 32;
    %mod;
    %pad/u 8;
    %store/vec4 v0x560a46935860_0, 0, 8;
    %vpi_func 2 18 "$urandom" 32 {0 0 0};
    %pushi/vec4 256, 0, 32;
    %mod;
    %pad/u 8;
    %store/vec4 v0x560a46935900_0, 0, 8;
    %vpi_func 2 19 "$urandom" 32 {0 0 0};
    %pushi/vec4 256, 0, 32;
    %mod;
    %pad/u 8;
    %store/vec4 v0x560a469359e0_0, 0, 8;
    %vpi_func 2 20 "$urandom" 32 {0 0 0};
    %pushi/vec4 256, 0, 32;
    %mod;
    %pad/u 8;
    %store/vec4 v0x560a46935b10_0, 0, 8;
    %vpi_func 2 21 "$urandom" 32 {0 0 0};
    %pushi/vec4 256, 0, 32;
    %mod;
    %pad/u 8;
    %store/vec4 v0x560a46935bf0_0, 0, 8;
    %vpi_func 2 22 "$urandom" 32 {0 0 0};
    %pushi/vec4 256, 0, 32;
    %mod;
    %pad/u 8;
    %store/vec4 v0x560a46935cd0_0, 0, 8;
    %vpi_func 2 23 "$urandom" 32 {0 0 0};
    %pushi/vec4 256, 0, 32;
    %mod;
    %pad/u 8;
    %store/vec4 v0x560a46935db0_0, 0, 8;
    %vpi_func 2 24 "$urandom" 32 {0 0 0};
    %pushi/vec4 256, 0, 32;
    %mod;
    %pad/u 8;
    %store/vec4 v0x560a46935e90_0, 0, 8;
    %load/vec4 v0x560a46935860_0;
    %ix/load 4, 0, 0;
    %flag_set/imm 4, 0;
    %store/vec4 v0x560a469357c0_0, 4, 8;
    %load/vec4 v0x560a46935900_0;
    %ix/load 4, 8, 0;
    %flag_set/imm 4, 0;
    %store/vec4 v0x560a469357c0_0, 4, 8;
    %load/vec4 v0x560a469359e0_0;
    %ix/load 4, 16, 0;
    %flag_set/imm 4, 0;
    %store/vec4 v0x560a469357c0_0, 4, 8;
    %load/vec4 v0x560a46935b10_0;
    %ix/load 4, 24, 0;
    %flag_set/imm 4, 0;
    %store/vec4 v0x560a469357c0_0, 4, 8;
    %load/vec4 v0x560a46935bf0_0;
    %ix/load 4, 32, 0;
    %flag_set/imm 4, 0;
    %store/vec4 v0x560a469357c0_0, 4, 8;
    %load/vec4 v0x560a46935cd0_0;
    %ix/load 4, 40, 0;
    %flag_set/imm 4, 0;
    %store/vec4 v0x560a469357c0_0, 4, 8;
    %load/vec4 v0x560a46935db0_0;
    %ix/load 4, 48, 0;
    %flag_set/imm 4, 0;
    %store/vec4 v0x560a469357c0_0, 4, 8;
    %load/vec4 v0x560a46935e90_0;
    %ix/load 4, 56, 0;
    %flag_set/imm 4, 0;
    %store/vec4 v0x560a469357c0_0, 4, 8;
    %pushi/vec4 0, 0, 1;
    %store/vec4 v0x560a46935720_0, 0, 1;
    %delay 15, 0;
    %vpi_call 2 36 "$stop" {0 0 0};
    %end;
    .thread T_3;
    .scope S_0x560a46918230;
T_4 ;
    %vpi_call 2 41 "$display", "Hello world" {0 0 0};
    %vpi_call 2 42 "$monitor", "time = %g, inset = %d, outset = %d, clk = %d", $time, v0x560a469357c0_0, v0x560a46935f70_0, v0x560a46935720_0 {0 0 0};
    %vpi_call 2 43 "$dumpfile", "Sorter.vcd" {0 0 0};
    %vpi_call 2 44 "$dumpvars", 32'sb00000000000000000000000000000000, S_0x560a469183b0 {0 0 0};
    %end;
    .thread T_4;
    .scope S_0x560a46918230;
T_5 ;
    %delay 2, 0;
    %load/vec4 v0x560a46935720_0;
    %inv;
    %store/vec4 v0x560a46935720_0, 0, 1;
    %jmp T_5;
    .thread T_5;
# The file index is used to find the file name in the following table.
:file_names 4;
    "N/A";
    "<interactive>";
    "Sorter_tb.v";
    "./Sorter.v";
